************* Module MYMODULE/
F:  1, 0: No module named MYMODULE/ (fatal)
************* Module pytest
W: 11, 0: Bad indentation. Found 2 spaces, expected 4 (bad-indentation)
W: 12, 0: Bad indentation. Found 4 spaces, expected 8 (bad-indentation)
W: 13, 0: Bad indentation. Found 6 spaces, expected 12 (bad-indentation)
W: 14, 0: Bad indentation. Found 4 spaces, expected 8 (bad-indentation)
W: 15, 0: Bad indentation. Found 6 spaces, expected 12 (bad-indentation)
W: 16, 0: Bad indentation. Found 6 spaces, expected 12 (bad-indentation)
C: 16, 0: Exactly one space required around assignment
      encoded=encoded + letters[x]
             ^ (bad-whitespace)
W: 18, 0: Bad indentation. Found 2 spaces, expected 4 (bad-indentation)
W: 19, 0: Bad indentation. Found 4 spaces, expected 8 (bad-indentation)
W: 20, 0: Bad indentation. Found 6 spaces, expected 12 (bad-indentation)
W: 21, 0: Bad indentation. Found 4 spaces, expected 8 (bad-indentation)
W: 22, 0: Bad indentation. Found 6 spaces, expected 12 (bad-indentation)
W: 23, 0: Bad indentation. Found 6 spaces, expected 12 (bad-indentation)
************* 
W: 12, 4: Redefining built-in 'exit' (redefined-builtin)
C:  1, 0: Missing module docstring (missing-docstring)
C:  5, 0: Invalid constant name "shift" (invalid-name)
C:  6, 0: Invalid constant name "choice" (invalid-name)
C:  7, 0: Invalid constant name "word" (invalid-name)
C:  8, 0: Invalid constant name "letters" (invalid-name)
C:  9, 0: Invalid constant name "encoded" (invalid-name)
************* 
W:  4, 4: Unused import _pytest.mark (unused-import)
************* 
W:  5, 4: Unused import _pytest.recwarn (unused-import)
************* 
W:  6, 4: Unused import _pytest.runner (unused-import)
************* 
W:  7, 4: Unused import _pytest.python (unused-import)


Report
======
20 statements analysed.

Statistics by type
------------------

+---------+-------+-----------+-----------+------------+---------+
|type     |number |old number |difference |%documented |%badname |
+=========+=======+===========+===========+============+=========+
|module   |1      |1          |=          |0.00        |0.00     |
+---------+-------+-----------+-----------+------------+---------+
|class    |0      |0          |=          |0           |0        |
+---------+-------+-----------+-----------+------------+---------+
|method   |0      |0          |=          |0           |0        |
+---------+-------+-----------+-----------+------------+---------+
|function |0      |0          |=          |0           |0        |
+---------+-------+-----------+-----------+------------+---------+



Raw metrics
-----------

+----------+-------+------+---------+-----------+
|type      |number |%     |previous |difference |
+==========+=======+======+=========+===========+
|code      |21     |91.30 |21       |=          |
+----------+-------+------+---------+-----------+
|docstring |0      |0.00  |0        |=          |
+----------+-------+------+---------+-----------+
|comment   |1      |4.35  |1        |=          |
+----------+-------+------+---------+-----------+
|empty     |1      |4.35  |1        |=          |
+----------+-------+------+---------+-----------+



Duplication
-----------

+-------------------------+------+---------+-----------+
|                         |now   |previous |difference |
+=========================+======+=========+===========+
|nb duplicated lines      |0     |0        |=          |
+-------------------------+------+---------+-----------+
|percent duplicated lines |0.000 |0.000    |=          |
+-------------------------+------+---------+-----------+



Messages by category
--------------------

+-----------+-------+---------+-----------+
|type       |number |previous |difference |
+===========+=======+=========+===========+
|convention |7      |7        |=          |
+-----------+-------+---------+-----------+
|refactor   |0      |0        |=          |
+-----------+-------+---------+-----------+
|warning    |17     |17       |=          |
+-----------+-------+---------+-----------+
|error      |0      |0        |=          |
+-----------+-------+---------+-----------+



% errors / warnings by module
-----------------------------

+-------+------+--------+---------+-----------+
|module |error |warning |refactor |convention |
+=======+======+========+=========+===========+
|pytest |0.00  |100.00  |0.00     |100.00     |
+-------+------+--------+---------+-----------+



Messages
--------

+------------------+------------+
|message id        |occurrences |
+==================+============+
|bad-indentation   |12          |
+------------------+------------+
|invalid-name      |5           |
+------------------+------------+
|unused-import     |4           |
+------------------+------------+
|redefined-builtin |1           |
+------------------+------------+
|missing-docstring |1           |
+------------------+------------+
|fatal             |1           |
+------------------+------------+
|bad-whitespace    |1           |
+------------------+------------+



Global evaluation
-----------------
Your code has been rated at -2.00/10 (previous run: -2.00/10, +0.00)

